<?xml version="1.0" encoding="UTF-8"?>
<!-- Generated by org.testng.reporters.JUnitReportReporter -->
<testsuite hostname="DESKTOP-2EVCIH4" failures="0" tests="1" name="testClasses.WriteReviewPageTest" time="12.076" errors="0" timestamp="2022-06-13T17:11:32 IST" skipped="0">
  <testcase classname="testClasses.WriteReviewPageTest" name="selectOptionAndWriteReviewTest" time="12.076"/>
  <system-out/>
</testsuite> <!-- testClasses.WriteReviewPageTest -->
