<?xml version="1.0" encoding="UTF-8"?>
<!-- Generated by org.testng.reporters.JUnitReportReporter -->
<testsuite hostname="DESKTOP-2EVCIH4" failures="0" tests="1" name="testClasses.LoginPageTest" time="19.035" errors="0" timestamp="2022-06-13T17:09:54 IST" skipped="0">
  <testcase classname="testClasses.LoginPageTest" name="loginIntoAppTest" time="19.035"/>
  <system-out/>
</testsuite> <!-- testClasses.LoginPageTest -->
