<?xml version="1.0" encoding="UTF-8"?>
<!-- Generated by org.testng.reporters.JUnitReportReporter -->
<testsuite hostname="DESKTOP-2EVCIH4" failures="0" tests="1" name="testClasses.ReviewPageTest" time="14.874" errors="0" timestamp="2022-06-13T17:09:54 IST" skipped="0">
  <testcase classname="testClasses.ReviewPageTest" name="clickOnStarTest" time="14.874"/>
  <system-out/>
</testsuite> <!-- testClasses.ReviewPageTest -->
